17581
32414
9987
922
49314
33401
23239
51929
10894
50942
11090
24704
45069
20158
3977
47840
3525
19230
42176
3833
51033
27110
46112
8344
13485
8109
47392
31968
43981
7080
29525
51934
51251
13504
38207
34635
1683
32403
1025
19825
14032
9869
40330
35093
40407
24369
9846
14191
18825
23617
6247
40315
43556
41043
18503
35563
37654
47558
27875
1998
4920
2254
11050
49181
38209
43247
51199
42852
35104
5304
26963
11571
27772
11560
20127
29405
16585
16743
26463
22710
49281
35045
37020
3016
19619
12081
24773
20282
44771
41585
2675
47643
15657
5873
48464
10900
6822
32248
31265
19180
17166
742
9093
20228
41124
3055
32871
2862
34188
13025
5480
12242
42671
2886
30592
15705
5701
40147
18918
43062
36737
29805
43234
4901
50779
24453
3785
41557
45119
19892
41075
12532
41632
92
48357
11708
13594
11488
21039
24311
47885
49613
7296
1784
38783
21183
23422
31351
24030
651
5303
27973
6747
37382
51900
20684
5294
46766
24498
29441
11258
6101
51986
35115
43910
39029
43081
900
26522
7035
39945
13319
1188
10176
30428
2205
31617
17216
45410
28865
46634
18633
11270
14274
40362
40363
7606
21495
26094
50925
25379
45736
929
9101
15953
40135
8244
32794
5004
47694
29312
14092
46957
37837
44682
42603
42734
47847
37390
1953
15344
19356
45717
5799
23147
3625
38532
8761
36922
4166
15669
44869
51175
26506
42303
1430
16487
11677
49368
40522
11774
15064
15139
8168
38143
36122
9039
32074
42979
46333
17309
43303
38346
24081
31759
15966
35228
40200
14653
15144
11872
6291
38557
11165
32258
25082
27881
36839
46336
38468
44414
20242
1191
35479
37781
42486
1013
5524
36558
8097
49013
14325
13297
25843
12006
11420
29823
18999
1973
41270
24923
41379
42147
33830
23223
48901
50075
45810
8514
44149
42396
40623
19062
14107
12973
17767
34469
5863
31877
41978
21747
3632
240
41049
23433
46050
21714
18848
49579
22574
3565
8370
20521
3003
15362
15405
27540
19685
34507
8026
35240
24788
46435
38516
34725
36148
10465
25901
6288
26100
34939
6843
38332
1510
9865
17572
16760
22486
17526
10198
20968
46123
45686
8390
51395
42046
1291
41510
38299
26351
9081
37287
20847
36249
36589
47625
3826
5720
39665
25714
18073
41580
45407
25106
2509
12215
43367
11768
40705
25227
7786
42756
50840
31679
1632
20298
50801
49972
30520
24164
8205
11103
34750
32700
18247
12893
7485
48577
33211
2512
26955
9007
33400
10616
34437
1766
31198
35547
6940
20533
43658
26634
35628
30202
2930
38439
11637
41494
27713
24619
39327
35044
45370
20134
1501
23522
9970
16630
33477
20674
12739
4477
37627
2738
24241
40040
51167
31910
15825
42893
36986
37974
43134
30623
45628
35784
19676
34222
12803
25688
14095
21943
24438
37975
39209
42877
47909
44929
6904
25120
26401
3204
26207
49324
21096
1843
50286
25991
47195
28356
47705
38343
18445
10387
241
52171
50440
19881
49405
26009
47318
19301
29477
26516
29958
6029
36887
6696
6203
42775
21402
37689
22428
20026
21905
22112
27968
12939
5181
13100
52143
35138
14695
44269
5632
35602
26947
26989
17832
21762
41702
16674
46
24511
45047
34609
39318
5322
14024
34848
563
29700
40538
1977
36596
39852
15899
9110
5376
5244
16370
6677
1913
420
5075
3787
13228
2858
9994
16657
48671
34515
23929
25332
39498
6349
3387
49313
43925
49364
26014
41238
847
49054
42822
22937
33137
19540
47430
25691
52213
12523
50332
5670
26317
479
38391
35166
18711
45471
14273
29804
3465
6427
37428
17696
18695
36760
50955
1760
43854
12956
5981
44174
2430
8117
2154
50102
51663
28273
51348
40537
14100
51502
7928
50941
49784
28553
35124
356
18584
25488
51347
30891
16943
44403
32492
1837
15859
25367
9736
37099
19112
46614
26489
51328
18522
1421
11950
37198
25187
1730
36840
6447
23856
18624
8277
26363
43218
17950
31516
42906
34704
45411
42287
38305
2650
36601
22416
26032
8825
3320
22375
24913
38911
20644
24494
10727
14726
9009
37817
29100
30049
33528
51727
39704
33353
19335
15432
21400
51585
1459
37703
36229
20826
7933
30407
38515
30168
47100
73
25942
3472
12500
3507
11431
3054
45540
13248
39104
35913
37479
31303
1269
9483
27619
34835
3229
1437
31467
12289
29389
32953
15544
48361
47215
41919
27421
37159
8361
45793
43755
19760
51765
28602
52325
8056
45409
15413
25339
24753
17083
20864
37030
14182
32490
22243
28629
33174
32886
8475
29256
40398
51852
32349
43304
50566
50995
12392
2850
33094
20237
46012
34633
47706
43837
51360
8096
2828
36258
10216
27795
4376
32400
45670
36985
39664
937
28152
3749
28728
15119
36189
2718
27405
30111
27396
26883
18254
36126
34460
31317
16578
36691
12680
6233
10844
40810
37105
11360
13152
43609
12726
34285
50279
13084
14734
52030
41663
38182
4962
2986
280
1594
39365
21005
260
1445
40620
21351
52128
46326
2147
26664
30941
49993
2698
29719
40295
2191
12638
30017
48770
44989
304
22090
45693
5089
41398
27414
11248
15273
22350
25178
35335
7075
21407
20131
49028
14433
27023
44675
23172
37633
16869
37568
15744
122
25826
38644
29487
14229
17349
46126
43887
6943
35777
11282
32214
8492
31062
32388
40242
11152
22406
49111
22604
27806
3024
10822
24321
560
41376
8949
18084
30613
49899
10018
7788
22533
40875
43725
29398
2365
31820
12304
42015
35811
10347
35150
1062
51137
27706
45176
36302
5517
41428
42490
22862
19765
38585
24212
44093
32357
29048
25794
25451
8739
1872
12762
9723
9661
42415
5379
36271
24732
45807
9334
47607
41078
43281
1871
1617
21919
10793
48147
4929
42348
49208
14161
18043
7621
35279
34474
14614
8216
5165
26952
51534
7633
49576
36262
14289
50814
14644
33300
38440
24928
24947
41006
40565
27122
33033
24082
20013
38835
38754
7884
38394
7078
44196
35056
40105
51620
27204