Namespace(beam=5, cpu=False, data='data-bin/film_tok_min5_L7.5k_gcn_L800', decode_dir='outputs', fp16=False, gen_subset='valid', left_pad_source='True', left_pad_target='False', lenpen=1, log_format='simple', log_interval=100, max_len_a=0, max_len_b=200, max_sentences=None, max_source_positions=1024, max_target_positions=1024, max_tokens=4000, min_len=1, nbest=1, no_beamable_mm=False, no_early_stop=False, no_progress_bar=False, num_shards=1, outindices=None, path='checkpoints/gcn/checkpoint_best.pt', prefix_size=0, quiet=True, raw_text=False, reference_dir='valid', remove_bpe=None, replace_unk=None, sampling=False, sampling_temperature=1, sampling_topk=-1, score_reference=False, seed=1, shard_id=0, skip_invalid_size_inputs_valid_test=True, source_lang=None, target_lang=None, task='gcn_wikicatsum', unkpen=0, unnormalized=False)
| [src] dictionary: 50000 types
| [tgt] dictionary: 50000 types
| [labels] dictionary: 16 types
| [node1] dictionary: 824 types
| [node2] dictionary: 816 types
| data-bin/film_tok_min5_L7.5k_gcn_L800 valid 3011 examples
| loading model(s) from checkpoints/gcn/checkpoint_best.pt
1024
1024
0 indices to be ignored from validation set.
:    100 / 753 wps=3145
:    200 / 753 wps=3079
:    300 / 753 wps=3030
:    400 / 753 wps=3049
:    500 / 753 wps=3000
:    600 / 753 wps=2958
:    700 / 753 wps=2907
| Translated 3011 sentences (172824 tokens) in 476.3s (6.32 sentences/s, 362.85 tokens/s)
| Generate valid with beam=5: BLEU4 = 9.13, 44.3/22.9/14.5/9.4 (BP=0.473, ratio=0.572, syslen=169813, reflen=296808)
